2012/05/12 20:04:20 [error] [exception.CHttpException.404] exception 'CHttpException' with message 'Unable to resolve the request "gii".' in /Users/mac/Sites/yii/framework/web/CWebApplication.php:280
Stack trace:
#0 /Users/mac/Sites/yii/framework/web/CWebApplication.php(135): CWebApplication->runController('gii')
#1 /Users/mac/Sites/yii/framework/base/CApplication.php(162): CWebApplication->processRequest()
#2 /Users/mac/Sites/scan/index.php(13): CApplication->run()
#3 {main}
REQUEST_URI=/~mac/scan/index.php?r=gii
---
2012/05/12 20:32:09 [error] [exception.CHttpException.404] exception 'CHttpException' with message 'The system is unable to find the requested action "quern".' in /Users/mac/Sites/yii/framework/web/CController.php:484
Stack trace:
#0 /Users/mac/Sites/yii/framework/web/CController.php(271): CController->missingAction('quern')
#1 /Users/mac/Sites/yii/framework/web/CWebApplication.php(276): CController->run('quern')
#2 /Users/mac/Sites/yii/framework/web/CWebApplication.php(135): CWebApplication->runController('api/quern')
#3 /Users/mac/Sites/yii/framework/base/CApplication.php(162): CWebApplication->processRequest()
#4 /Users/mac/Sites/scan/index.php(13): CApplication->run()
#5 {main}
REQUEST_URI=/~mac/scan/index.php?r=api/quern
---
2012/05/12 20:43:06 [error] [exception.CHttpException.404] exception 'CHttpException' with message 'The requested page does not exist.' in /Users/mac/Sites/scan/protected/controllers/UserController.php:160
Stack trace:
#0 /Users/mac/Sites/scan/protected/controllers/UserController.php(54): UserController->loadModel('1')
#1 [internal function]: UserController->actionView('1')
#2 /Users/mac/Sites/yii/framework/web/actions/CAction.php(107): ReflectionMethod->invokeArgs(Object(UserController), Array)
#3 /Users/mac/Sites/yii/framework/web/actions/CInlineAction.php(48): CAction->runWithParamsInternal(Object(UserController), Object(ReflectionMethod), Array)
#4 /Users/mac/Sites/yii/framework/web/CController.php(309): CInlineAction->runWithParams(Array)
#5 /Users/mac/Sites/yii/framework/web/filters/CFilterChain.php(134): CController->runAction(Object(CInlineAction))
#6 /Users/mac/Sites/yii/framework/web/filters/CFilter.php(41): CFilterChain->run()
#7 /Users/mac/Sites/yii/framework/web/CController.php(1146): CFilter->filter(Object(CFilterChain))
#8 /Users/mac/Sites/yii/framework/web/filters/CInlineFilter.php(59): CController->filterAccessControl(Object(CFilterChain))
#9 /Users/mac/Sites/yii/framework/web/filters/CFilterChain.php(131): CInlineFilter->filter(Object(CFilterChain))
#10 /Users/mac/Sites/yii/framework/web/CController.php(292): CFilterChain->run()
#11 /Users/mac/Sites/yii/framework/web/CController.php(266): CController->runActionWithFilters(Object(CInlineAction), Array)
#12 /Users/mac/Sites/yii/framework/web/CWebApplication.php(276): CController->run('view')
#13 /Users/mac/Sites/yii/framework/web/CWebApplication.php(135): CWebApplication->runController('user/view')
#14 /Users/mac/Sites/yii/framework/base/CApplication.php(162): CWebApplication->processRequest()
#15 /Users/mac/Sites/scan/index.php(13): CApplication->run()
#16 {main}
REQUEST_URI=/~mac/scan/index.php?r=user/view&id=1
HTTP_REFERER=http://localhost/~mac/scan/index.php?r=user/create
---
2012/05/12 20:43:12 [error] [exception.CHttpException.400] exception 'CHttpException' with message 'Your request is invalid.' in /Users/mac/Sites/yii/framework/web/CController.php:337
Stack trace:
#0 /Users/mac/Sites/yii/framework/web/CController.php(310): CController->invalidActionParams(Object(CInlineAction))
#1 /Users/mac/Sites/yii/framework/web/filters/CFilterChain.php(134): CController->runAction(Object(CInlineAction))
#2 /Users/mac/Sites/yii/framework/web/filters/CFilter.php(41): CFilterChain->run()
#3 /Users/mac/Sites/yii/framework/web/CController.php(1146): CFilter->filter(Object(CFilterChain))
#4 /Users/mac/Sites/yii/framework/web/filters/CInlineFilter.php(59): CController->filterAccessControl(Object(CFilterChain))
#5 /Users/mac/Sites/yii/framework/web/filters/CFilterChain.php(131): CInlineFilter->filter(Object(CFilterChain))
#6 /Users/mac/Sites/yii/framework/web/CController.php(292): CFilterChain->run()
#7 /Users/mac/Sites/yii/framework/web/CController.php(266): CController->runActionWithFilters(Object(CInlineAction), Array)
#8 /Users/mac/Sites/yii/framework/web/CWebApplication.php(276): CController->run('view')
#9 /Users/mac/Sites/yii/framework/web/CWebApplication.php(135): CWebApplication->runController('user/view')
#10 /Users/mac/Sites/yii/framework/base/CApplication.php(162): CWebApplication->processRequest()
#11 /Users/mac/Sites/scan/index.php(13): CApplication->run()
#12 {main}
REQUEST_URI=/~mac/scan/index.php?r=user/view
---
2012/05/12 20:43:20 [error] [php] Invalid argument supplied for foreach() (/Users/mac/Sites/yii/framework/web/CActiveDataProvider.php:162)
Stack trace:
#0 /Users/mac/Sites/yii/framework/zii/widgets/CBaseListView.php(127): CListView->renderKeys()
#1 /Users/mac/Sites/yii/framework/web/CBaseController.php(174): CListView->run()
#2 /Users/mac/Sites/scan/protected/views/user/index.php(17): UserController->widget()
#3 /Users/mac/Sites/yii/framework/web/CBaseController.php(127): require()
#4 /Users/mac/Sites/yii/framework/web/CBaseController.php(96): UserController->renderInternal()
#5 /Users/mac/Sites/yii/framework/web/CController.php(870): UserController->renderFile()
#6 /Users/mac/Sites/yii/framework/web/CController.php(783): UserController->renderPartial()
#7 /Users/mac/Sites/scan/protected/controllers/UserController.php(133): UserController->render()
#8 /Users/mac/Sites/yii/framework/web/actions/CInlineAction.php(50): UserController->actionIndex()
#9 /Users/mac/Sites/yii/framework/web/CController.php(309): CInlineAction->runWithParams()
#10 /Users/mac/Sites/yii/framework/web/filters/CFilterChain.php(134): UserController->runAction()
#11 /Users/mac/Sites/yii/framework/web/filters/CFilter.php(41): CFilterChain->run()
#12 /Users/mac/Sites/yii/framework/web/CController.php(1146): CAccessControlFilter->filter()
#13 /Users/mac/Sites/yii/framework/web/filters/CInlineFilter.php(59): UserController->filterAccessControl()
#14 /Users/mac/Sites/yii/framework/web/filters/CFilterChain.php(131): CInlineFilter->filter()
#15 /Users/mac/Sites/yii/framework/web/CController.php(292): CFilterChain->run()
#16 /Users/mac/Sites/yii/framework/web/CController.php(266): UserController->runActionWithFilters()
#17 /Users/mac/Sites/yii/framework/web/CWebApplication.php(276): UserController->run()
#18 /Users/mac/Sites/yii/framework/web/CWebApplication.php(135): CWebApplication->runController()
#19 /Users/mac/Sites/yii/framework/base/CApplication.php(162): CWebApplication->processRequest()
#20 /Users/mac/Sites/scan/index.php(13): CWebApplication->run()
REQUEST_URI=/~mac/scan/index.php?r=user
in /Users/mac/Sites/scan/protected/views/user/index.php (17)
in /Users/mac/Sites/scan/protected/controllers/UserController.php (133)
in /Users/mac/Sites/scan/index.php (13)
2012/05/12 20:45:08 [error] [php] Invalid argument supplied for foreach() (/Users/mac/Sites/yii/framework/web/CActiveDataProvider.php:162)
Stack trace:
#0 /Users/mac/Sites/yii/framework/zii/widgets/CBaseListView.php(127): CListView->renderKeys()
#1 /Users/mac/Sites/yii/framework/web/CBaseController.php(174): CListView->run()
#2 /Users/mac/Sites/scan/protected/views/user/index.php(17): UserController->widget()
#3 /Users/mac/Sites/yii/framework/web/CBaseController.php(127): require()
#4 /Users/mac/Sites/yii/framework/web/CBaseController.php(96): UserController->renderInternal()
#5 /Users/mac/Sites/yii/framework/web/CController.php(870): UserController->renderFile()
#6 /Users/mac/Sites/yii/framework/web/CController.php(783): UserController->renderPartial()
#7 /Users/mac/Sites/scan/protected/controllers/UserController.php(133): UserController->render()
#8 /Users/mac/Sites/yii/framework/web/actions/CInlineAction.php(50): UserController->actionIndex()
#9 /Users/mac/Sites/yii/framework/web/CController.php(309): CInlineAction->runWithParams()
#10 /Users/mac/Sites/yii/framework/web/filters/CFilterChain.php(134): UserController->runAction()
#11 /Users/mac/Sites/yii/framework/web/filters/CFilter.php(41): CFilterChain->run()
#12 /Users/mac/Sites/yii/framework/web/CController.php(1146): CAccessControlFilter->filter()
#13 /Users/mac/Sites/yii/framework/web/filters/CInlineFilter.php(59): UserController->filterAccessControl()
#14 /Users/mac/Sites/yii/framework/web/filters/CFilterChain.php(131): CInlineFilter->filter()
#15 /Users/mac/Sites/yii/framework/web/CController.php(292): CFilterChain->run()
#16 /Users/mac/Sites/yii/framework/web/CController.php(266): UserController->runActionWithFilters()
#17 /Users/mac/Sites/yii/framework/web/CWebApplication.php(276): UserController->run()
#18 /Users/mac/Sites/yii/framework/web/CWebApplication.php(135): CWebApplication->runController()
#19 /Users/mac/Sites/yii/framework/base/CApplication.php(162): CWebApplication->processRequest()
#20 /Users/mac/Sites/scan/index.php(13): CWebApplication->run()
REQUEST_URI=/~mac/scan/index.php?r=user
in /Users/mac/Sites/scan/protected/views/user/index.php (17)
in /Users/mac/Sites/scan/protected/controllers/UserController.php (133)
in /Users/mac/Sites/scan/index.php (13)
2012/05/12 20:45:09 [error] [php] Invalid argument supplied for foreach() (/Users/mac/Sites/yii/framework/web/CActiveDataProvider.php:162)
Stack trace:
#0 /Users/mac/Sites/yii/framework/zii/widgets/CBaseListView.php(127): CListView->renderKeys()
#1 /Users/mac/Sites/yii/framework/web/CBaseController.php(174): CListView->run()
#2 /Users/mac/Sites/scan/protected/views/user/index.php(17): UserController->widget()
#3 /Users/mac/Sites/yii/framework/web/CBaseController.php(127): require()
#4 /Users/mac/Sites/yii/framework/web/CBaseController.php(96): UserController->renderInternal()
#5 /Users/mac/Sites/yii/framework/web/CController.php(870): UserController->renderFile()
#6 /Users/mac/Sites/yii/framework/web/CController.php(783): UserController->renderPartial()
#7 /Users/mac/Sites/scan/protected/controllers/UserController.php(133): UserController->render()
#8 /Users/mac/Sites/yii/framework/web/actions/CInlineAction.php(50): UserController->actionIndex()
#9 /Users/mac/Sites/yii/framework/web/CController.php(309): CInlineAction->runWithParams()
#10 /Users/mac/Sites/yii/framework/web/filters/CFilterChain.php(134): UserController->runAction()
#11 /Users/mac/Sites/yii/framework/web/filters/CFilter.php(41): CFilterChain->run()
#12 /Users/mac/Sites/yii/framework/web/CController.php(1146): CAccessControlFilter->filter()
#13 /Users/mac/Sites/yii/framework/web/filters/CInlineFilter.php(59): UserController->filterAccessControl()
#14 /Users/mac/Sites/yii/framework/web/filters/CFilterChain.php(131): CInlineFilter->filter()
#15 /Users/mac/Sites/yii/framework/web/CController.php(292): CFilterChain->run()
#16 /Users/mac/Sites/yii/framework/web/CController.php(266): UserController->runActionWithFilters()
#17 /Users/mac/Sites/yii/framework/web/CWebApplication.php(276): UserController->run()
#18 /Users/mac/Sites/yii/framework/web/CWebApplication.php(135): CWebApplication->runController()
#19 /Users/mac/Sites/yii/framework/base/CApplication.php(162): CWebApplication->processRequest()
#20 /Users/mac/Sites/scan/index.php(13): CWebApplication->run()
REQUEST_URI=/~mac/scan/index.php?r=user
in /Users/mac/Sites/scan/protected/views/user/index.php (17)
in /Users/mac/Sites/scan/protected/controllers/UserController.php (133)
in /Users/mac/Sites/scan/index.php (13)
2012/05/12 20:45:35 [error] [exception.CException] exception 'CException' with message 'User and its behaviors do not have a method or closure named "query".' in /Users/mac/Sites/yii/framework/base/CComponent.php:266
Stack trace:
#0 /Users/mac/Sites/yii/framework/db/ar/CActiveRecord.php(226): CComponent->__call('query', Array)
#1 /Users/mac/Sites/scan/protected/controllers/ApiController.php(9): CActiveRecord->__call('query', Array)
#2 /Users/mac/Sites/scan/protected/controllers/ApiController.php(9): User->query()
#3 [internal function]: ApiController->actionQuery('', '', '', '')
#4 /Users/mac/Sites/yii/framework/web/actions/CAction.php(107): ReflectionMethod->invokeArgs(Object(ApiController), Array)
#5 /Users/mac/Sites/yii/framework/web/actions/CInlineAction.php(48): CAction->runWithParamsInternal(Object(ApiController), Object(ReflectionMethod), Array)
#6 /Users/mac/Sites/yii/framework/web/CController.php(309): CInlineAction->runWithParams(Array)
#7 /Users/mac/Sites/yii/framework/web/CController.php(287): CController->runAction(Object(CInlineAction))
#8 /Users/mac/Sites/yii/framework/web/CController.php(266): CController->runActionWithFilters(Object(CInlineAction), Array)
#9 /Users/mac/Sites/yii/framework/web/CWebApplication.php(276): CController->run('query')
#10 /Users/mac/Sites/yii/framework/web/CWebApplication.php(135): CWebApplication->runController('api/query')
#11 /Users/mac/Sites/yii/framework/base/CApplication.php(162): CWebApplication->processRequest()
#12 /Users/mac/Sites/scan/index.php(13): CApplication->run()
#13 {main}
REQUEST_URI=/~mac/scan/index.php?r=api/query
---
2012/05/12 20:45:37 [error] [exception.CException] exception 'CException' with message 'User and its behaviors do not have a method or closure named "query".' in /Users/mac/Sites/yii/framework/base/CComponent.php:266
Stack trace:
#0 /Users/mac/Sites/yii/framework/db/ar/CActiveRecord.php(226): CComponent->__call('query', Array)
#1 /Users/mac/Sites/scan/protected/controllers/ApiController.php(9): CActiveRecord->__call('query', Array)
#2 /Users/mac/Sites/scan/protected/controllers/ApiController.php(9): User->query()
#3 [internal function]: ApiController->actionQuery('', '', '', '')
#4 /Users/mac/Sites/yii/framework/web/actions/CAction.php(107): ReflectionMethod->invokeArgs(Object(ApiController), Array)
#5 /Users/mac/Sites/yii/framework/web/actions/CInlineAction.php(48): CAction->runWithParamsInternal(Object(ApiController), Object(ReflectionMethod), Array)
#6 /Users/mac/Sites/yii/framework/web/CController.php(309): CInlineAction->runWithParams(Array)
#7 /Users/mac/Sites/yii/framework/web/CController.php(287): CController->runAction(Object(CInlineAction))
#8 /Users/mac/Sites/yii/framework/web/CController.php(266): CController->runActionWithFilters(Object(CInlineAction), Array)
#9 /Users/mac/Sites/yii/framework/web/CWebApplication.php(276): CController->run('query')
#10 /Users/mac/Sites/yii/framework/web/CWebApplication.php(135): CWebApplication->runController('api/query')
#11 /Users/mac/Sites/yii/framework/base/CApplication.php(162): CWebApplication->processRequest()
#12 /Users/mac/Sites/scan/index.php(13): CApplication->run()
#13 {main}
REQUEST_URI=/~mac/scan/index.php?r=api/query
---
2012/05/12 20:52:55 [error] [php] Use of undefined constant code - assumed 'code' (/Users/mac/Sites/scan/protected/controllers/ApiController.php:8)
Stack trace:
#0 /Users/mac/Sites/yii/framework/web/actions/CInlineAction.php(48): CInlineAction->runWithParamsInternal()
#1 /Users/mac/Sites/yii/framework/web/CController.php(309): CInlineAction->runWithParams()
#2 /Users/mac/Sites/yii/framework/web/CController.php(287): ApiController->runAction()
#3 /Users/mac/Sites/yii/framework/web/CController.php(266): ApiController->runActionWithFilters()
#4 /Users/mac/Sites/yii/framework/web/CWebApplication.php(276): ApiController->run()
#5 /Users/mac/Sites/yii/framework/web/CWebApplication.php(135): CWebApplication->runController()
#6 /Users/mac/Sites/yii/framework/base/CApplication.php(162): CWebApplication->processRequest()
#7 /Users/mac/Sites/scan/index.php(13): CWebApplication->run()
REQUEST_URI=/~mac/scan/index.php?r=api/query&code=code1
in /Users/mac/Sites/scan/protected/controllers/ApiController.php (8)
in /Users/mac/Sites/scan/index.php (13)
2012/05/12 20:53:03 [error] [php] Use of undefined constant code - assumed 'code' (/Users/mac/Sites/scan/protected/controllers/ApiController.php:9)
Stack trace:
#0 /Users/mac/Sites/yii/framework/web/actions/CInlineAction.php(48): CInlineAction->runWithParamsInternal()
#1 /Users/mac/Sites/yii/framework/web/CController.php(309): CInlineAction->runWithParams()
#2 /Users/mac/Sites/yii/framework/web/CController.php(287): ApiController->runAction()
#3 /Users/mac/Sites/yii/framework/web/CController.php(266): ApiController->runActionWithFilters()
#4 /Users/mac/Sites/yii/framework/web/CWebApplication.php(276): ApiController->run()
#5 /Users/mac/Sites/yii/framework/web/CWebApplication.php(135): CWebApplication->runController()
#6 /Users/mac/Sites/yii/framework/base/CApplication.php(162): CWebApplication->processRequest()
#7 /Users/mac/Sites/scan/index.php(13): CWebApplication->run()
REQUEST_URI=/~mac/scan/index.php?r=api/query&code=code1
in /Users/mac/Sites/scan/protected/controllers/ApiController.php (9)
in /Users/mac/Sites/scan/index.php (13)
2012/05/12 20:55:43 [error] [exception.CHttpException.400] exception 'CHttpException' with message 'Your request is invalid.' in /Users/mac/Sites/yii/framework/web/CController.php:337
Stack trace:
#0 /Users/mac/Sites/yii/framework/web/CController.php(310): CController->invalidActionParams(Object(CInlineAction))
#1 /Users/mac/Sites/yii/framework/web/CController.php(287): CController->runAction(Object(CInlineAction))
#2 /Users/mac/Sites/yii/framework/web/CController.php(266): CController->runActionWithFilters(Object(CInlineAction), Array)
#3 /Users/mac/Sites/yii/framework/web/CWebApplication.php(276): CController->run('checkin')
#4 /Users/mac/Sites/yii/framework/web/CWebApplication.php(135): CWebApplication->runController('api/checkin')
#5 /Users/mac/Sites/yii/framework/base/CApplication.php(162): CWebApplication->processRequest()
#6 /Users/mac/Sites/scan/index.php(13): CApplication->run()
#7 {main}
REQUEST_URI=/~mac/scan/index.php?r=api/checkin
---
2012/05/12 21:59:56 [error] [exception.CHttpException.400] exception 'CHttpException' with message 'Your request is invalid.' in /Users/mac/Sites/yii/framework/web/CController.php:337
Stack trace:
#0 /Users/mac/Sites/yii/framework/web/CController.php(310): CController->invalidActionParams(Object(CInlineAction))
#1 /Users/mac/Sites/yii/framework/web/CController.php(287): CController->runAction(Object(CInlineAction))
#2 /Users/mac/Sites/yii/framework/web/CController.php(266): CController->runActionWithFilters(Object(CInlineAction), Array)
#3 /Users/mac/Sites/yii/framework/web/CWebApplication.php(276): CController->run('checkin')
#4 /Users/mac/Sites/yii/framework/web/CWebApplication.php(135): CWebApplication->runController('api/checkin')
#5 /Users/mac/Sites/yii/framework/base/CApplication.php(162): CWebApplication->processRequest()
#6 /Users/mac/Sites/scan/index.php(13): CApplication->run()
#7 {main}
REQUEST_URI=/~mac/scan/index.php?r=api/checkin&ids=1,2,3
---
2012/05/12 22:10:53 [error] [exception.CException] exception 'CException' with message 'Property "User.has_check_id" is not defined.' in /Users/mac/Sites/yii/framework/base/CComponent.php:174
Stack trace:
#0 /Users/mac/Sites/yii/framework/db/ar/CActiveRecord.php(160): CComponent->__set('has_check_id', 1)
#1 /Users/mac/Sites/scan/protected/controllers/ApiController.php(36): CActiveRecord->__set('has_check_id', 1)
#2 [internal function]: ApiController->actionCheckin('1,2,3', '1')
#3 /Users/mac/Sites/yii/framework/web/actions/CAction.php(107): ReflectionMethod->invokeArgs(Object(ApiController), Array)
#4 /Users/mac/Sites/yii/framework/web/actions/CInlineAction.php(48): CAction->runWithParamsInternal(Object(ApiController), Object(ReflectionMethod), Array)
#5 /Users/mac/Sites/yii/framework/web/CController.php(309): CInlineAction->runWithParams(Array)
#6 /Users/mac/Sites/yii/framework/web/CController.php(287): CController->runAction(Object(CInlineAction))
#7 /Users/mac/Sites/yii/framework/web/CController.php(266): CController->runActionWithFilters(Object(CInlineAction), Array)
#8 /Users/mac/Sites/yii/framework/web/CWebApplication.php(276): CController->run('checkin')
#9 /Users/mac/Sites/yii/framework/web/CWebApplication.php(135): CWebApplication->runController('api/checkin')
#10 /Users/mac/Sites/yii/framework/base/CApplication.php(162): CWebApplication->processRequest()
#11 /Users/mac/Sites/scan/index.php(13): CApplication->run()
#12 {main}
REQUEST_URI=/~mac/scan/index.php?r=api/checkin&ids=1,2,3&ipad_id=1
---
2012/05/12 22:11:04 [error] [exception.CException] exception 'CException' with message 'Property "User.has_check_in" is not defined.' in /Users/mac/Sites/yii/framework/base/CComponent.php:174
Stack trace:
#0 /Users/mac/Sites/yii/framework/db/ar/CActiveRecord.php(160): CComponent->__set('has_check_in', 1)
#1 /Users/mac/Sites/scan/protected/controllers/ApiController.php(36): CActiveRecord->__set('has_check_in', 1)
#2 [internal function]: ApiController->actionCheckin('1,2,3', '1')
#3 /Users/mac/Sites/yii/framework/web/actions/CAction.php(107): ReflectionMethod->invokeArgs(Object(ApiController), Array)
#4 /Users/mac/Sites/yii/framework/web/actions/CInlineAction.php(48): CAction->runWithParamsInternal(Object(ApiController), Object(ReflectionMethod), Array)
#5 /Users/mac/Sites/yii/framework/web/CController.php(309): CInlineAction->runWithParams(Array)
#6 /Users/mac/Sites/yii/framework/web/CController.php(287): CController->runAction(Object(CInlineAction))
#7 /Users/mac/Sites/yii/framework/web/CController.php(266): CController->runActionWithFilters(Object(CInlineAction), Array)
#8 /Users/mac/Sites/yii/framework/web/CWebApplication.php(276): CController->run('checkin')
#9 /Users/mac/Sites/yii/framework/web/CWebApplication.php(135): CWebApplication->runController('api/checkin')
#10 /Users/mac/Sites/yii/framework/base/CApplication.php(162): CWebApplication->processRequest()
#11 /Users/mac/Sites/scan/index.php(13): CApplication->run()
#12 {main}
REQUEST_URI=/~mac/scan/index.php?r=api/checkin&ids=1,2,3&ipad_id=1
---
2012/05/12 22:11:33 [error] [php] json_encode(): Invalid UTF-8 sequence in argument (/Users/mac/Sites/yii/framework/web/helpers/CJSON.php:117)
Stack trace:
#0 unknown(0): nameValue()
#1 /Users/mac/Sites/yii/framework/web/helpers/CJSON.php(266): array_map()
#2 unknown(0): encode()
#3 /Users/mac/Sites/yii/framework/web/helpers/CJSON.php(252): array_map()
#4 /Users/mac/Sites/yii/framework/web/helpers/CJSON.php(285): encode()
#5 unknown(0): nameValue()
#6 /Users/mac/Sites/yii/framework/web/helpers/CJSON.php(247): array_map()
#7 /Users/mac/Sites/yii/framework/web/helpers/CJavaScript.php(107): encode()
#8 /Users/mac/Sites/scan/protected/controllers/ApiController.php(51): jsonEncode()
#9 unknown(0): ApiController->actionCheckin()
#10 /Users/mac/Sites/yii/framework/web/actions/CAction.php(107): ReflectionMethod->invokeArgs()
#11 /Users/mac/Sites/yii/framework/web/actions/CInlineAction.php(48): CInlineAction->runWithParamsInternal()
#12 /Users/mac/Sites/yii/framework/web/CController.php(309): CInlineAction->runWithParams()
#13 /Users/mac/Sites/yii/framework/web/CController.php(287): ApiController->runAction()
#14 /Users/mac/Sites/yii/framework/web/CController.php(266): ApiController->runActionWithFilters()
#15 /Users/mac/Sites/yii/framework/web/CWebApplication.php(276): ApiController->run()
#16 /Users/mac/Sites/yii/framework/web/CWebApplication.php(135): CWebApplication->runController()
#17 /Users/mac/Sites/yii/framework/base/CApplication.php(162): CWebApplication->processRequest()
#18 /Users/mac/Sites/scan/index.php(13): CWebApplication->run()
REQUEST_URI=/~mac/scan/index.php?r=api/checkin&ids=1,2,3&ipad_id=1
in /Users/mac/Sites/scan/protected/controllers/ApiController.php (51)
in /Users/mac/Sites/scan/index.php (13)
2012/05/12 22:12:44 [error] [php] json_encode(): Invalid UTF-8 sequence in argument (/Users/mac/Sites/yii/framework/web/helpers/CJSON.php:117)
Stack trace:
#0 unknown(0): nameValue()
#1 /Users/mac/Sites/yii/framework/web/helpers/CJSON.php(266): array_map()
#2 unknown(0): encode()
#3 /Users/mac/Sites/yii/framework/web/helpers/CJSON.php(252): array_map()
#4 /Users/mac/Sites/yii/framework/web/helpers/CJSON.php(285): encode()
#5 unknown(0): nameValue()
#6 /Users/mac/Sites/yii/framework/web/helpers/CJSON.php(247): array_map()
#7 /Users/mac/Sites/yii/framework/web/helpers/CJavaScript.php(107): encode()
#8 /Users/mac/Sites/scan/protected/controllers/ApiController.php(50): jsonEncode()
#9 unknown(0): ApiController->actionCheckin()
#10 /Users/mac/Sites/yii/framework/web/actions/CAction.php(107): ReflectionMethod->invokeArgs()
#11 /Users/mac/Sites/yii/framework/web/actions/CInlineAction.php(48): CInlineAction->runWithParamsInternal()
#12 /Users/mac/Sites/yii/framework/web/CController.php(309): CInlineAction->runWithParams()
#13 /Users/mac/Sites/yii/framework/web/CController.php(287): ApiController->runAction()
#14 /Users/mac/Sites/yii/framework/web/CController.php(266): ApiController->runActionWithFilters()
#15 /Users/mac/Sites/yii/framework/web/CWebApplication.php(276): ApiController->run()
#16 /Users/mac/Sites/yii/framework/web/CWebApplication.php(135): CWebApplication->runController()
#17 /Users/mac/Sites/yii/framework/base/CApplication.php(162): CWebApplication->processRequest()
#18 /Users/mac/Sites/scan/index.php(13): CWebApplication->run()
REQUEST_URI=/~mac/scan/index.php?r=api/checkin&ids=1,2,3&ipad_id=1
in /Users/mac/Sites/scan/protected/controllers/ApiController.php (50)
in /Users/mac/Sites/scan/index.php (13)
2012/05/12 22:16:41 [error] [php] SoapClient::SoapClient(http://localhost:1888/hello?xsd=xsd0): failed to open stream: Connection refused (/Users/mac/Sites/scan/protected/controllers/ApiController.php:58)
Stack trace:
#0 unknown(0): ApiController->actionCheckin()
#1 /Users/mac/Sites/yii/framework/web/actions/CAction.php(107): ReflectionMethod->invokeArgs()
#2 /Users/mac/Sites/yii/framework/web/actions/CInlineAction.php(48): CInlineAction->runWithParamsInternal()
#3 /Users/mac/Sites/yii/framework/web/CController.php(309): CInlineAction->runWithParams()
#4 /Users/mac/Sites/yii/framework/web/CController.php(287): ApiController->runAction()
#5 /Users/mac/Sites/yii/framework/web/CController.php(266): ApiController->runActionWithFilters()
#6 /Users/mac/Sites/yii/framework/web/CWebApplication.php(276): ApiController->run()
#7 /Users/mac/Sites/yii/framework/web/CWebApplication.php(135): CWebApplication->runController()
#8 /Users/mac/Sites/yii/framework/base/CApplication.php(162): CWebApplication->processRequest()
#9 /Users/mac/Sites/scan/index.php(13): CWebApplication->run()
REQUEST_URI=/~mac/scan/index.php?r=api/checkin&ids=1,2,3&ipad_id=1
in /Users/mac/Sites/scan/protected/controllers/ApiController.php (58)
in /Users/mac/Sites/scan/protected/controllers/ApiController.php (39)
in /Users/mac/Sites/scan/index.php (13)
2012/05/12 22:22:06 [error] [exception.SoapFault] SoapFault exception: [a:DeserializationFailed] 格式化程序尝试对消息反序列化时引发异常: 对操作“Print”的请求消息正文进行反序列化时出现错误。所需的命名空间“http://schemas.xmlsoap.org/soap/envelope/”中的结尾元素“Body”。找到 命名空间“”中的元素“param1”。 行 2，位置 184。 in /Users/mac/Sites/scan/protected/controllers/ApiController.php:60
Stack trace:
#0 /Users/mac/Sites/scan/protected/controllers/ApiController.php(60): SoapClient->__call('Print', Array)
#1 /Users/mac/Sites/scan/protected/controllers/ApiController.php(60): SoapClient->Print(Array, Array, Array)
#2 /Users/mac/Sites/scan/protected/controllers/ApiController.php(39): ApiController->printCode(Object(User), '1')
#3 [internal function]: ApiController->actionCheckin('1,2,3', '1')
#4 /Users/mac/Sites/yii/framework/web/actions/CAction.php(107): ReflectionMethod->invokeArgs(Object(ApiController), Array)
#5 /Users/mac/Sites/yii/framework/web/actions/CInlineAction.php(48): CAction->runWithParamsInternal(Object(ApiController), Object(ReflectionMethod), Array)
#6 /Users/mac/Sites/yii/framework/web/CController.php(309): CInlineAction->runWithParams(Array)
#7 /Users/mac/Sites/yii/framework/web/CController.php(287): CController->runAction(Object(CInlineAction))
#8 /Users/mac/Sites/yii/framework/web/CController.php(266): CController->runActionWithFilters(Object(CInlineAction), Array)
#9 /Users/mac/Sites/yii/framework/web/CWebApplication.php(276): CController->run('checkin')
#10 /Users/mac/Sites/yii/framework/web/CWebApplication.php(135): CWebApplication->runController('api/checkin')
#11 /Users/mac/Sites/yii/framework/base/CApplication.php(162): CWebApplication->processRequest()
#12 /Users/mac/Sites/scan/index.php(13): CApplication->run()
#13 {main}
REQUEST_URI=/~mac/scan/index.php?r=api/checkin&ids=1,2,3&ipad_id=1
---
2012/05/12 22:25:41 [error] [exception.SoapFault] SoapFault exception: [a:DeserializationFailed] 格式化程序尝试对消息反序列化时引发异常: 对操作“Print”的请求消息正文进行反序列化时出现错误。所需的命名空间“http://schemas.xmlsoap.org/soap/envelope/”中的结尾元素“Body”。找到 命名空间“”中的元素“param1”。 行 2，位置 146。 in /Users/mac/Sites/scan/protected/controllers/ApiController.php:60
Stack trace:
#0 /Users/mac/Sites/scan/protected/controllers/ApiController.php(60): SoapClient->__call('Print', Array)
#1 /Users/mac/Sites/scan/protected/controllers/ApiController.php(60): SoapClient->Print('??????', 201, 220413)
#2 /Users/mac/Sites/scan/protected/controllers/ApiController.php(39): ApiController->printCode(Object(User), '1')
#3 [internal function]: ApiController->actionCheckin('1,2,3', '1')
#4 /Users/mac/Sites/yii/framework/web/actions/CAction.php(107): ReflectionMethod->invokeArgs(Object(ApiController), Array)
#5 /Users/mac/Sites/yii/framework/web/actions/CInlineAction.php(48): CAction->runWithParamsInternal(Object(ApiController), Object(ReflectionMethod), Array)
#6 /Users/mac/Sites/yii/framework/web/CController.php(309): CInlineAction->runWithParams(Array)
#7 /Users/mac/Sites/yii/framework/web/CController.php(287): CController->runAction(Object(CInlineAction))
#8 /Users/mac/Sites/yii/framework/web/CController.php(266): CController->runActionWithFilters(Object(CInlineAction), Array)
#9 /Users/mac/Sites/yii/framework/web/CWebApplication.php(276): CController->run('checkin')
#10 /Users/mac/Sites/yii/framework/web/CWebApplication.php(135): CWebApplication->runController('api/checkin')
#11 /Users/mac/Sites/yii/framework/base/CApplication.php(162): CWebApplication->processRequest()
#12 /Users/mac/Sites/scan/index.php(13): CApplication->run()
#13 {main}
REQUEST_URI=/~mac/scan/index.php?r=api/checkin&ids=1,2,3&ipad_id=1
---
2012/05/12 22:49:25 [error] [php] SoapClient::SoapClient(http://192.168.1.101:18879/hello?wsdl): failed to open stream: Connection refused (/Users/mac/Sites/scan/protected/controllers/ApiController.php:59)
Stack trace:
#0 unknown(0): ApiController->actionCheckin()
#1 /Users/mac/Sites/yii/framework/web/actions/CAction.php(107): ReflectionMethod->invokeArgs()
#2 /Users/mac/Sites/yii/framework/web/actions/CInlineAction.php(48): CInlineAction->runWithParamsInternal()
#3 /Users/mac/Sites/yii/framework/web/CController.php(309): CInlineAction->runWithParams()
#4 /Users/mac/Sites/yii/framework/web/CController.php(287): ApiController->runAction()
#5 /Users/mac/Sites/yii/framework/web/CController.php(266): ApiController->runActionWithFilters()
#6 /Users/mac/Sites/yii/framework/web/CWebApplication.php(276): ApiController->run()
#7 /Users/mac/Sites/yii/framework/web/CWebApplication.php(135): CWebApplication->runController()
#8 /Users/mac/Sites/yii/framework/base/CApplication.php(162): CWebApplication->processRequest()
#9 /Users/mac/Sites/scan/index.php(13): CWebApplication->run()
REQUEST_URI=/~mac/scan/index.php?r=api/checkin&ids=1,2,3&ipad_id=1
in /Users/mac/Sites/scan/protected/controllers/ApiController.php (59)
in /Users/mac/Sites/scan/protected/controllers/ApiController.php (39)
in /Users/mac/Sites/scan/index.php (13)
2012/05/12 22:50:29 [error] [php] SoapClient::SoapClient(http://192.168.1.101:18879/hello?wsdl): failed to open stream: Connection refused (/Users/mac/Sites/scan/protected/controllers/ApiController.php:59)
Stack trace:
#0 unknown(0): ApiController->actionCheckin()
#1 /Users/mac/Sites/yii/framework/web/actions/CAction.php(107): ReflectionMethod->invokeArgs()
#2 /Users/mac/Sites/yii/framework/web/actions/CInlineAction.php(48): CInlineAction->runWithParamsInternal()
#3 /Users/mac/Sites/yii/framework/web/CController.php(309): CInlineAction->runWithParams()
#4 /Users/mac/Sites/yii/framework/web/CController.php(287): ApiController->runAction()
#5 /Users/mac/Sites/yii/framework/web/CController.php(266): ApiController->runActionWithFilters()
#6 /Users/mac/Sites/yii/framework/web/CWebApplication.php(276): ApiController->run()
#7 /Users/mac/Sites/yii/framework/web/CWebApplication.php(135): CWebApplication->runController()
#8 /Users/mac/Sites/yii/framework/base/CApplication.php(162): CWebApplication->processRequest()
#9 /Users/mac/Sites/scan/index.php(13): CWebApplication->run()
REQUEST_URI=/~mac/scan/index.php?r=api/checkin&ids=1,2,3&ipad_id=1
2012/05/12 22:50:41 [error] [php] SoapClient::SoapClient(http://192.168.1.101:18879/hello?wsdl): failed to open stream: Connection refused (/Users/mac/Sites/scan/protected/controllers/ApiController.php:59)
Stack trace:
#0 unknown(0): ApiController->actionCheckin()
#1 /Users/mac/Sites/yii/framework/web/actions/CAction.php(107): ReflectionMethod->invokeArgs()
#2 /Users/mac/Sites/yii/framework/web/actions/CInlineAction.php(48): CInlineAction->runWithParamsInternal()
#3 /Users/mac/Sites/yii/framework/web/CController.php(309): CInlineAction->runWithParams()
#4 /Users/mac/Sites/yii/framework/web/CController.php(287): ApiController->runAction()
#5 /Users/mac/Sites/yii/framework/web/CController.php(266): ApiController->runActionWithFilters()
#6 /Users/mac/Sites/yii/framework/web/CWebApplication.php(276): ApiController->run()
#7 /Users/mac/Sites/yii/framework/web/CWebApplication.php(135): CWebApplication->runController()
#8 /Users/mac/Sites/yii/framework/base/CApplication.php(162): CWebApplication->processRequest()
#9 /Users/mac/Sites/scan/index.php(13): CWebApplication->run()
REQUEST_URI=/~mac/scan/index.php?r=api/checkin&ids=1,2,3&ipad_id=1
2012/05/12 22:50:42 [error] [php] SoapClient::SoapClient(http://192.168.1.101:18879/hello?wsdl): failed to open stream: Connection refused (/Users/mac/Sites/scan/protected/controllers/ApiController.php:59)
Stack trace:
#0 unknown(0): ApiController->actionCheckin()
#1 /Users/mac/Sites/yii/framework/web/actions/CAction.php(107): ReflectionMethod->invokeArgs()
#2 /Users/mac/Sites/yii/framework/web/actions/CInlineAction.php(48): CInlineAction->runWithParamsInternal()
#3 /Users/mac/Sites/yii/framework/web/CController.php(309): CInlineAction->runWithParams()
#4 /Users/mac/Sites/yii/framework/web/CController.php(287): ApiController->runAction()
#5 /Users/mac/Sites/yii/framework/web/CController.php(266): ApiController->runActionWithFilters()
#6 /Users/mac/Sites/yii/framework/web/CWebApplication.php(276): ApiController->run()
#7 /Users/mac/Sites/yii/framework/web/CWebApplication.php(135): CWebApplication->runController()
#8 /Users/mac/Sites/yii/framework/base/CApplication.php(162): CWebApplication->processRequest()
#9 /Users/mac/Sites/scan/index.php(13): CWebApplication->run()
REQUEST_URI=/~mac/scan/index.php?r=api/checkin&ids=1,2,3&ipad_id=1
2012/05/12 22:50:58 [error] [php] SoapClient::SoapClient(http://192.168.1.101:18879/hello?wsdl): failed to open stream: Connection refused (/Users/mac/Sites/scan/protected/controllers/ApiController.php:59)
Stack trace:
#0 unknown(0): ApiController->actionCheckin()
#1 /Users/mac/Sites/yii/framework/web/actions/CAction.php(107): ReflectionMethod->invokeArgs()
#2 /Users/mac/Sites/yii/framework/web/actions/CInlineAction.php(48): CInlineAction->runWithParamsInternal()
#3 /Users/mac/Sites/yii/framework/web/CController.php(309): CInlineAction->runWithParams()
#4 /Users/mac/Sites/yii/framework/web/CController.php(287): ApiController->runAction()
#5 /Users/mac/Sites/yii/framework/web/CController.php(266): ApiController->runActionWithFilters()
#6 /Users/mac/Sites/yii/framework/web/CWebApplication.php(276): ApiController->run()
#7 /Users/mac/Sites/yii/framework/web/CWebApplication.php(135): CWebApplication->runController()
#8 /Users/mac/Sites/yii/framework/base/CApplication.php(162): CWebApplication->processRequest()
#9 /Users/mac/Sites/scan/index.php(13): CWebApplication->run()
REQUEST_URI=/~mac/scan/index.php?r=api/checkin&ids=1,2,3&ipad_id=1
2012/05/12 22:50:59 [error] [php] SoapClient::SoapClient(http://192.168.1.101:18879/hello?wsdl): failed to open stream: Connection refused (/Users/mac/Sites/scan/protected/controllers/ApiController.php:59)
Stack trace:
#0 unknown(0): ApiController->actionCheckin()
#1 /Users/mac/Sites/yii/framework/web/actions/CAction.php(107): ReflectionMethod->invokeArgs()
#2 /Users/mac/Sites/yii/framework/web/actions/CInlineAction.php(48): CInlineAction->runWithParamsInternal()
#3 /Users/mac/Sites/yii/framework/web/CController.php(309): CInlineAction->runWithParams()
#4 /Users/mac/Sites/yii/framework/web/CController.php(287): ApiController->runAction()
#5 /Users/mac/Sites/yii/framework/web/CController.php(266): ApiController->runActionWithFilters()
#6 /Users/mac/Sites/yii/framework/web/CWebApplication.php(276): ApiController->run()
#7 /Users/mac/Sites/yii/framework/web/CWebApplication.php(135): CWebApplication->runController()
#8 /Users/mac/Sites/yii/framework/base/CApplication.php(162): CWebApplication->processRequest()
#9 /Users/mac/Sites/scan/index.php(13): CWebApplication->run()
REQUEST_URI=/~mac/scan/index.php?r=api/checkin&ids=1,2,3&ipad_id=1
2012/05/12 22:51:00 [error] [php] SoapClient::SoapClient(http://192.168.1.101:18879/hello?wsdl): failed to open stream: Connection refused (/Users/mac/Sites/scan/protected/controllers/ApiController.php:59)
Stack trace:
#0 unknown(0): ApiController->actionCheckin()
#1 /Users/mac/Sites/yii/framework/web/actions/CAction.php(107): ReflectionMethod->invokeArgs()
#2 /Users/mac/Sites/yii/framework/web/actions/CInlineAction.php(48): CInlineAction->runWithParamsInternal()
#3 /Users/mac/Sites/yii/framework/web/CController.php(309): CInlineAction->runWithParams()
#4 /Users/mac/Sites/yii/framework/web/CController.php(287): ApiController->runAction()
#5 /Users/mac/Sites/yii/framework/web/CController.php(266): ApiController->runActionWithFilters()
#6 /Users/mac/Sites/yii/framework/web/CWebApplication.php(276): ApiController->run()
#7 /Users/mac/Sites/yii/framework/web/CWebApplication.php(135): CWebApplication->runController()
#8 /Users/mac/Sites/yii/framework/base/CApplication.php(162): CWebApplication->processRequest()
#9 /Users/mac/Sites/scan/index.php(13): CWebApplication->run()
REQUEST_URI=/~mac/scan/index.php?r=api/checkin&ids=1,2,3&ipad_id=1
2012/05/12 22:51:00 [error] [php] SoapClient::SoapClient(http://192.168.1.101:18879/hello?wsdl): failed to open stream: Connection refused (/Users/mac/Sites/scan/protected/controllers/ApiController.php:59)
Stack trace:
#0 unknown(0): ApiController->actionCheckin()
#1 /Users/mac/Sites/yii/framework/web/actions/CAction.php(107): ReflectionMethod->invokeArgs()
#2 /Users/mac/Sites/yii/framework/web/actions/CInlineAction.php(48): CInlineAction->runWithParamsInternal()
#3 /Users/mac/Sites/yii/framework/web/CController.php(309): CInlineAction->runWithParams()
#4 /Users/mac/Sites/yii/framework/web/CController.php(287): ApiController->runAction()
#5 /Users/mac/Sites/yii/framework/web/CController.php(266): ApiController->runActionWithFilters()
#6 /Users/mac/Sites/yii/framework/web/CWebApplication.php(276): ApiController->run()
#7 /Users/mac/Sites/yii/framework/web/CWebApplication.php(135): CWebApplication->runController()
#8 /Users/mac/Sites/yii/framework/base/CApplication.php(162): CWebApplication->processRequest()
#9 /Users/mac/Sites/scan/index.php(13): CWebApplication->run()
REQUEST_URI=/~mac/scan/index.php?r=api/checkin&ids=1,2,3&ipad_id=1
2012/05/12 22:51:01 [error] [php] SoapClient::SoapClient(http://192.168.1.101:18879/hello?wsdl): failed to open stream: Connection refused (/Users/mac/Sites/scan/protected/controllers/ApiController.php:59)
Stack trace:
#0 unknown(0): ApiController->actionCheckin()
#1 /Users/mac/Sites/yii/framework/web/actions/CAction.php(107): ReflectionMethod->invokeArgs()
#2 /Users/mac/Sites/yii/framework/web/actions/CInlineAction.php(48): CInlineAction->runWithParamsInternal()
#3 /Users/mac/Sites/yii/framework/web/CController.php(309): CInlineAction->runWithParams()
#4 /Users/mac/Sites/yii/framework/web/CController.php(287): ApiController->runAction()
#5 /Users/mac/Sites/yii/framework/web/CController.php(266): ApiController->runActionWithFilters()
#6 /Users/mac/Sites/yii/framework/web/CWebApplication.php(276): ApiController->run()
#7 /Users/mac/Sites/yii/framework/web/CWebApplication.php(135): CWebApplication->runController()
#8 /Users/mac/Sites/yii/framework/base/CApplication.php(162): CWebApplication->processRequest()
#9 /Users/mac/Sites/scan/index.php(13): CWebApplication->run()
REQUEST_URI=/~mac/scan/index.php?r=api/checkin&ids=1,2,3&ipad_id=1
2012/05/12 22:51:01 [error] [php] SoapClient::SoapClient(http://192.168.1.101:18879/hello?wsdl): failed to open stream: Connection refused (/Users/mac/Sites/scan/protected/controllers/ApiController.php:59)
Stack trace:
#0 unknown(0): ApiController->actionCheckin()
#1 /Users/mac/Sites/yii/framework/web/actions/CAction.php(107): ReflectionMethod->invokeArgs()
#2 /Users/mac/Sites/yii/framework/web/actions/CInlineAction.php(48): CInlineAction->runWithParamsInternal()
#3 /Users/mac/Sites/yii/framework/web/CController.php(309): CInlineAction->runWithParams()
#4 /Users/mac/Sites/yii/framework/web/CController.php(287): ApiController->runAction()
#5 /Users/mac/Sites/yii/framework/web/CController.php(266): ApiController->runActionWithFilters()
#6 /Users/mac/Sites/yii/framework/web/CWebApplication.php(276): ApiController->run()
#7 /Users/mac/Sites/yii/framework/web/CWebApplication.php(135): CWebApplication->runController()
#8 /Users/mac/Sites/yii/framework/base/CApplication.php(162): CWebApplication->processRequest()
#9 /Users/mac/Sites/scan/index.php(13): CWebApplication->run()
REQUEST_URI=/~mac/scan/index.php?r=api/checkin&ids=1,2,3&ipad_id=1
2012/05/12 22:51:02 [error] [php] SoapClient::SoapClient(http://192.168.1.101:18879/hello?wsdl): failed to open stream: Connection refused (/Users/mac/Sites/scan/protected/controllers/ApiController.php:59)
Stack trace:
#0 unknown(0): ApiController->actionCheckin()
#1 /Users/mac/Sites/yii/framework/web/actions/CAction.php(107): ReflectionMethod->invokeArgs()
#2 /Users/mac/Sites/yii/framework/web/actions/CInlineAction.php(48): CInlineAction->runWithParamsInternal()
#3 /Users/mac/Sites/yii/framework/web/CController.php(309): CInlineAction->runWithParams()
#4 /Users/mac/Sites/yii/framework/web/CController.php(287): ApiController->runAction()
#5 /Users/mac/Sites/yii/framework/web/CController.php(266): ApiController->runActionWithFilters()
#6 /Users/mac/Sites/yii/framework/web/CWebApplication.php(276): ApiController->run()
#7 /Users/mac/Sites/yii/framework/web/CWebApplication.php(135): CWebApplication->runController()
#8 /Users/mac/Sites/yii/framework/base/CApplication.php(162): CWebApplication->processRequest()
#9 /Users/mac/Sites/scan/index.php(13): CWebApplication->run()
REQUEST_URI=/~mac/scan/index.php?r=api/checkin&ids=1,2,3&ipad_id=1
2012/05/12 22:51:03 [error] [php] SoapClient::SoapClient(http://192.168.1.101:18879/hello?wsdl): failed to open stream: Connection refused (/Users/mac/Sites/scan/protected/controllers/ApiController.php:59)
Stack trace:
#0 unknown(0): ApiController->actionCheckin()
#1 /Users/mac/Sites/yii/framework/web/actions/CAction.php(107): ReflectionMethod->invokeArgs()
#2 /Users/mac/Sites/yii/framework/web/actions/CInlineAction.php(48): CInlineAction->runWithParamsInternal()
#3 /Users/mac/Sites/yii/framework/web/CController.php(309): CInlineAction->runWithParams()
#4 /Users/mac/Sites/yii/framework/web/CController.php(287): ApiController->runAction()
#5 /Users/mac/Sites/yii/framework/web/CController.php(266): ApiController->runActionWithFilters()
#6 /Users/mac/Sites/yii/framework/web/CWebApplication.php(276): ApiController->run()
#7 /Users/mac/Sites/yii/framework/web/CWebApplication.php(135): CWebApplication->runController()
#8 /Users/mac/Sites/yii/framework/base/CApplication.php(162): CWebApplication->processRequest()
#9 /Users/mac/Sites/scan/index.php(13): CWebApplication->run()
REQUEST_URI=/~mac/scan/index.php?r=api/checkin&ids=1,2,3&ipad_id=1
2012/05/12 22:51:03 [error] [php] SoapClient::SoapClient(http://192.168.1.101:18879/hello?wsdl): failed to open stream: Connection refused (/Users/mac/Sites/scan/protected/controllers/ApiController.php:59)
Stack trace:
#0 unknown(0): ApiController->actionCheckin()
#1 /Users/mac/Sites/yii/framework/web/actions/CAction.php(107): ReflectionMethod->invokeArgs()
#2 /Users/mac/Sites/yii/framework/web/actions/CInlineAction.php(48): CInlineAction->runWithParamsInternal()
#3 /Users/mac/Sites/yii/framework/web/CController.php(309): CInlineAction->runWithParams()
#4 /Users/mac/Sites/yii/framework/web/CController.php(287): ApiController->runAction()
#5 /Users/mac/Sites/yii/framework/web/CController.php(266): ApiController->runActionWithFilters()
#6 /Users/mac/Sites/yii/framework/web/CWebApplication.php(276): ApiController->run()
#7 /Users/mac/Sites/yii/framework/web/CWebApplication.php(135): CWebApplication->runController()
#8 /Users/mac/Sites/yii/framework/base/CApplication.php(162): CWebApplication->processRequest()
#9 /Users/mac/Sites/scan/index.php(13): CWebApplication->run()
REQUEST_URI=/~mac/scan/index.php?r=api/checkin&ids=1,2,3&ipad_id=1
2012/05/12 22:51:04 [error] [php] SoapClient::SoapClient(http://192.168.1.101:18879/hello?wsdl): failed to open stream: Connection refused (/Users/mac/Sites/scan/protected/controllers/ApiController.php:59)
Stack trace:
#0 unknown(0): ApiController->actionCheckin()
#1 /Users/mac/Sites/yii/framework/web/actions/CAction.php(107): ReflectionMethod->invokeArgs()
#2 /Users/mac/Sites/yii/framework/web/actions/CInlineAction.php(48): CInlineAction->runWithParamsInternal()
#3 /Users/mac/Sites/yii/framework/web/CController.php(309): CInlineAction->runWithParams()
#4 /Users/mac/Sites/yii/framework/web/CController.php(287): ApiController->runAction()
#5 /Users/mac/Sites/yii/framework/web/CController.php(266): ApiController->runActionWithFilters()
#6 /Users/mac/Sites/yii/framework/web/CWebApplication.php(276): ApiController->run()
#7 /Users/mac/Sites/yii/framework/web/CWebApplication.php(135): CWebApplication->runController()
#8 /Users/mac/Sites/yii/framework/base/CApplication.php(162): CWebApplication->processRequest()
#9 /Users/mac/Sites/scan/index.php(13): CWebApplication->run()
REQUEST_URI=/~mac/scan/index.php?r=api/checkin&ids=1,2,3&ipad_id=1
2012/05/12 22:51:05 [error] [php] SoapClient::SoapClient(http://192.168.1.101:18879/hello?wsdl): failed to open stream: Connection refused (/Users/mac/Sites/scan/protected/controllers/ApiController.php:59)
Stack trace:
#0 unknown(0): ApiController->actionCheckin()
#1 /Users/mac/Sites/yii/framework/web/actions/CAction.php(107): ReflectionMethod->invokeArgs()
#2 /Users/mac/Sites/yii/framework/web/actions/CInlineAction.php(48): CInlineAction->runWithParamsInternal()
#3 /Users/mac/Sites/yii/framework/web/CController.php(309): CInlineAction->runWithParams()
#4 /Users/mac/Sites/yii/framework/web/CController.php(287): ApiController->runAction()
#5 /Users/mac/Sites/yii/framework/web/CController.php(266): ApiController->runActionWithFilters()
#6 /Users/mac/Sites/yii/framework/web/CWebApplication.php(276): ApiController->run()
#7 /Users/mac/Sites/yii/framework/web/CWebApplication.php(135): CWebApplication->runController()
#8 /Users/mac/Sites/yii/framework/base/CApplication.php(162): CWebApplication->processRequest()
#9 /Users/mac/Sites/scan/index.php(13): CWebApplication->run()
REQUEST_URI=/~mac/scan/index.php?r=api/checkin&ids=1,2,3&ipad_id=1
2012/05/12 22:51:05 [error] [php] SoapClient::SoapClient(http://192.168.1.101:18879/hello?wsdl): failed to open stream: Connection refused (/Users/mac/Sites/scan/protected/controllers/ApiController.php:59)
Stack trace:
#0 unknown(0): ApiController->actionCheckin()
#1 /Users/mac/Sites/yii/framework/web/actions/CAction.php(107): ReflectionMethod->invokeArgs()
#2 /Users/mac/Sites/yii/framework/web/actions/CInlineAction.php(48): CInlineAction->runWithParamsInternal()
#3 /Users/mac/Sites/yii/framework/web/CController.php(309): CInlineAction->runWithParams()
#4 /Users/mac/Sites/yii/framework/web/CController.php(287): ApiController->runAction()
#5 /Users/mac/Sites/yii/framework/web/CController.php(266): ApiController->runActionWithFilters()
#6 /Users/mac/Sites/yii/framework/web/CWebApplication.php(276): ApiController->run()
#7 /Users/mac/Sites/yii/framework/web/CWebApplication.php(135): CWebApplication->runController()
#8 /Users/mac/Sites/yii/framework/base/CApplication.php(162): CWebApplication->processRequest()
#9 /Users/mac/Sites/scan/index.php(13): CWebApplication->run()
REQUEST_URI=/~mac/scan/index.php?r=api/checkin&ids=1,2,3&ipad_id=1
2012/05/12 22:51:05 [error] [php] SoapClient::SoapClient(http://192.168.1.101:18879/hello?wsdl): failed to open stream: Connection refused (/Users/mac/Sites/scan/protected/controllers/ApiController.php:59)
Stack trace:
#0 unknown(0): ApiController->actionCheckin()
#1 /Users/mac/Sites/yii/framework/web/actions/CAction.php(107): ReflectionMethod->invokeArgs()
#2 /Users/mac/Sites/yii/framework/web/actions/CInlineAction.php(48): CInlineAction->runWithParamsInternal()
#3 /Users/mac/Sites/yii/framework/web/CController.php(309): CInlineAction->runWithParams()
#4 /Users/mac/Sites/yii/framework/web/CController.php(287): ApiController->runAction()
#5 /Users/mac/Sites/yii/framework/web/CController.php(266): ApiController->runActionWithFilters()
#6 /Users/mac/Sites/yii/framework/web/CWebApplication.php(276): ApiController->run()
#7 /Users/mac/Sites/yii/framework/web/CWebApplication.php(135): CWebApplication->runController()
#8 /Users/mac/Sites/yii/framework/base/CApplication.php(162): CWebApplication->processRequest()
#9 /Users/mac/Sites/scan/index.php(13): CWebApplication->run()
REQUEST_URI=/~mac/scan/index.php?r=api/checkin&ids=1,2,3&ipad_id=1
2012/05/12 22:51:06 [error] [php] SoapClient::SoapClient(http://192.168.1.101:18879/hello?wsdl): failed to open stream: Connection refused (/Users/mac/Sites/scan/protected/controllers/ApiController.php:59)
Stack trace:
#0 unknown(0): ApiController->actionCheckin()
#1 /Users/mac/Sites/yii/framework/web/actions/CAction.php(107): ReflectionMethod->invokeArgs()
#2 /Users/mac/Sites/yii/framework/web/actions/CInlineAction.php(48): CInlineAction->runWithParamsInternal()
#3 /Users/mac/Sites/yii/framework/web/CController.php(309): CInlineAction->runWithParams()
#4 /Users/mac/Sites/yii/framework/web/CController.php(287): ApiController->runAction()
#5 /Users/mac/Sites/yii/framework/web/CController.php(266): ApiController->runActionWithFilters()
#6 /Users/mac/Sites/yii/framework/web/CWebApplication.php(276): ApiController->run()
#7 /Users/mac/Sites/yii/framework/web/CWebApplication.php(135): CWebApplication->runController()
#8 /Users/mac/Sites/yii/framework/base/CApplication.php(162): CWebApplication->processRequest()
#9 /Users/mac/Sites/scan/index.php(13): CWebApplication->run()
REQUEST_URI=/~mac/scan/index.php?r=api/checkin&ids=1,2,3&ipad_id=1
2012/05/12 22:51:06 [error] [php] SoapClient::SoapClient(http://192.168.1.101:18879/hello?wsdl): failed to open stream: Connection refused (/Users/mac/Sites/scan/protected/controllers/ApiController.php:59)
Stack trace:
#0 unknown(0): ApiController->actionCheckin()
#1 /Users/mac/Sites/yii/framework/web/actions/CAction.php(107): ReflectionMethod->invokeArgs()
#2 /Users/mac/Sites/yii/framework/web/actions/CInlineAction.php(48): CInlineAction->runWithParamsInternal()
#3 /Users/mac/Sites/yii/framework/web/CController.php(309): CInlineAction->runWithParams()
#4 /Users/mac/Sites/yii/framework/web/CController.php(287): ApiController->runAction()
#5 /Users/mac/Sites/yii/framework/web/CController.php(266): ApiController->runActionWithFilters()
#6 /Users/mac/Sites/yii/framework/web/CWebApplication.php(276): ApiController->run()
#7 /Users/mac/Sites/yii/framework/web/CWebApplication.php(135): CWebApplication->runController()
#8 /Users/mac/Sites/yii/framework/base/CApplication.php(162): CWebApplication->processRequest()
#9 /Users/mac/Sites/scan/index.php(13): CWebApplication->run()
REQUEST_URI=/~mac/scan/index.php?r=api/checkin&ids=1,2,3&ipad_id=1
2012/05/12 22:51:06 [error] [php] SoapClient::SoapClient(http://192.168.1.101:18879/hello?wsdl): failed to open stream: Connection refused (/Users/mac/Sites/scan/protected/controllers/ApiController.php:59)
Stack trace:
#0 unknown(0): ApiController->actionCheckin()
#1 /Users/mac/Sites/yii/framework/web/actions/CAction.php(107): ReflectionMethod->invokeArgs()
#2 /Users/mac/Sites/yii/framework/web/actions/CInlineAction.php(48): CInlineAction->runWithParamsInternal()
#3 /Users/mac/Sites/yii/framework/web/CController.php(309): CInlineAction->runWithParams()
#4 /Users/mac/Sites/yii/framework/web/CController.php(287): ApiController->runAction()
#5 /Users/mac/Sites/yii/framework/web/CController.php(266): ApiController->runActionWithFilters()
#6 /Users/mac/Sites/yii/framework/web/CWebApplication.php(276): ApiController->run()
#7 /Users/mac/Sites/yii/framework/web/CWebApplication.php(135): CWebApplication->runController()
#8 /Users/mac/Sites/yii/framework/base/CApplication.php(162): CWebApplication->processRequest()
#9 /Users/mac/Sites/scan/index.php(13): CWebApplication->run()
REQUEST_URI=/~mac/scan/index.php?r=api/checkin&ids=1,2,3&ipad_id=1
2012/05/12 22:51:12 [error] [php] SoapClient::SoapClient(http://192.168.1.101:18879/hello?wsdl): failed to open stream: Connection refused (/Users/mac/Sites/scan/protected/controllers/ApiController.php:59)
Stack trace:
#0 unknown(0): ApiController->actionCheckin()
#1 /Users/mac/Sites/yii/framework/web/actions/CAction.php(107): ReflectionMethod->invokeArgs()
#2 /Users/mac/Sites/yii/framework/web/actions/CInlineAction.php(48): CInlineAction->runWithParamsInternal()
#3 /Users/mac/Sites/yii/framework/web/CController.php(309): CInlineAction->runWithParams()
#4 /Users/mac/Sites/yii/framework/web/CController.php(287): ApiController->runAction()
#5 /Users/mac/Sites/yii/framework/web/CController.php(266): ApiController->runActionWithFilters()
#6 /Users/mac/Sites/yii/framework/web/CWebApplication.php(276): ApiController->run()
#7 /Users/mac/Sites/yii/framework/web/CWebApplication.php(135): CWebApplication->runController()
#8 /Users/mac/Sites/yii/framework/base/CApplication.php(162): CWebApplication->processRequest()
#9 /Users/mac/Sites/scan/index.php(13): CWebApplication->run()
REQUEST_URI=/~mac/scan/index.php?r=api/checkin&ids=1,2,3&ipad_id=1
in /Users/mac/Sites/scan/protected/controllers/ApiController.php (59)
in /Users/mac/Sites/scan/protected/controllers/ApiController.php (39)
in /Users/mac/Sites/scan/index.php (13)
2012/05/12 22:51:18 [error] [php] SoapClient::SoapClient(http://192.168.1.101:18879/hello?wsdl): failed to open stream: Connection refused (/Users/mac/Sites/scan/protected/controllers/ApiController.php:59)
Stack trace:
#0 unknown(0): ApiController->actionCheckin()
#1 /Users/mac/Sites/yii/framework/web/actions/CAction.php(107): ReflectionMethod->invokeArgs()
#2 /Users/mac/Sites/yii/framework/web/actions/CInlineAction.php(48): CInlineAction->runWithParamsInternal()
#3 /Users/mac/Sites/yii/framework/web/CController.php(309): CInlineAction->runWithParams()
#4 /Users/mac/Sites/yii/framework/web/CController.php(287): ApiController->runAction()
#5 /Users/mac/Sites/yii/framework/web/CController.php(266): ApiController->runActionWithFilters()
#6 /Users/mac/Sites/yii/framework/web/CWebApplication.php(276): ApiController->run()
#7 /Users/mac/Sites/yii/framework/web/CWebApplication.php(135): CWebApplication->runController()
#8 /Users/mac/Sites/yii/framework/base/CApplication.php(162): CWebApplication->processRequest()
#9 /Users/mac/Sites/scan/index.php(13): CWebApplication->run()
REQUEST_URI=/~mac/scan/index.php?r=api/checkin&ids=1,2,3&ipad_id=1
2012/05/12 22:51:50 [error] [php] SoapClient::SoapClient(http://192.168.1.101:18879/hello?wsdl): failed to open stream: Connection refused (/Users/mac/Sites/scan/protected/controllers/ApiController.php:59)
Stack trace:
#0 unknown(0): ApiController->actionCheckin()
#1 /Users/mac/Sites/yii/framework/web/actions/CAction.php(107): ReflectionMethod->invokeArgs()
#2 /Users/mac/Sites/yii/framework/web/actions/CInlineAction.php(48): CInlineAction->runWithParamsInternal()
#3 /Users/mac/Sites/yii/framework/web/CController.php(309): CInlineAction->runWithParams()
#4 /Users/mac/Sites/yii/framework/web/CController.php(287): ApiController->runAction()
#5 /Users/mac/Sites/yii/framework/web/CController.php(266): ApiController->runActionWithFilters()
#6 /Users/mac/Sites/yii/framework/web/CWebApplication.php(276): ApiController->run()
#7 /Users/mac/Sites/yii/framework/web/CWebApplication.php(135): CWebApplication->runController()
#8 /Users/mac/Sites/yii/framework/base/CApplication.php(162): CWebApplication->processRequest()
#9 /Users/mac/Sites/scan/index.php(13): CWebApplication->run()
REQUEST_URI=/~mac/scan/index.php?r=api/checkin&ids=1,2,3&ipad_id=1
2012/05/12 23:07:08 [error] [php] Undefined variable: question (/Users/mac/Sites/scan/protected/controllers/ApiController.php:52)
Stack trace:
#0 /Users/mac/Sites/yii/framework/web/CController.php(287): ApiController->runAction()
#1 /Users/mac/Sites/yii/framework/web/CController.php(266): ApiController->runActionWithFilters()
#2 /Users/mac/Sites/yii/framework/web/CWebApplication.php(276): ApiController->run()
#3 /Users/mac/Sites/yii/framework/web/CWebApplication.php(135): CWebApplication->runController()
#4 /Users/mac/Sites/yii/framework/base/CApplication.php(162): CWebApplication->processRequest()
#5 /Users/mac/Sites/scan/index.php(13): CWebApplication->run()
REQUEST_URI=/~mac/scan/index.php?r=api/questions
2012/05/12 23:07:21 [error] [exception.CHttpException.404] exception 'CHttpException' with message 'The system is unable to find the requested action "question".' in /Users/mac/Sites/yii/framework/web/CController.php:484
Stack trace:
#0 /Users/mac/Sites/yii/framework/web/CController.php(271): CController->missingAction('question')
#1 /Users/mac/Sites/yii/framework/web/CWebApplication.php(276): CController->run('question')
#2 /Users/mac/Sites/yii/framework/web/CWebApplication.php(135): CWebApplication->runController('api/question')
#3 /Users/mac/Sites/yii/framework/base/CApplication.php(162): CWebApplication->processRequest()
#4 /Users/mac/Sites/scan/index.php(13): CApplication->run()
#5 {main}
REQUEST_URI=/~mac/scan/index.php?r=api/question
---
2012/05/12 23:07:23 [error] [php] Undefined variable: question (/Users/mac/Sites/scan/protected/controllers/ApiController.php:52)
Stack trace:
#0 /Users/mac/Sites/yii/framework/web/CController.php(287): ApiController->runAction()
#1 /Users/mac/Sites/yii/framework/web/CController.php(266): ApiController->runActionWithFilters()
#2 /Users/mac/Sites/yii/framework/web/CWebApplication.php(276): ApiController->run()
#3 /Users/mac/Sites/yii/framework/web/CWebApplication.php(135): CWebApplication->runController()
#4 /Users/mac/Sites/yii/framework/base/CApplication.php(162): CWebApplication->processRequest()
#5 /Users/mac/Sites/scan/index.php(13): CWebApplication->run()
REQUEST_URI=/~mac/scan/index.php?r=api/questions
2012/05/12 23:07:51 [error] [php] Undefined variable: question (/Users/mac/Sites/scan/protected/controllers/ApiController.php:52)
Stack trace:
#0 /Users/mac/Sites/yii/framework/web/CController.php(287): ApiController->runAction()
#1 /Users/mac/Sites/yii/framework/web/CController.php(266): ApiController->runActionWithFilters()
#2 /Users/mac/Sites/yii/framework/web/CWebApplication.php(276): ApiController->run()
#3 /Users/mac/Sites/yii/framework/web/CWebApplication.php(135): CWebApplication->runController()
#4 /Users/mac/Sites/yii/framework/base/CApplication.php(162): CWebApplication->processRequest()
#5 /Users/mac/Sites/scan/index.php(13): CWebApplication->run()
REQUEST_URI=/~mac/scan/index.php?r=api/questions
2012/05/12 23:07:53 [error] [php] Undefined variable: question (/Users/mac/Sites/scan/protected/controllers/ApiController.php:52)
Stack trace:
#0 /Users/mac/Sites/yii/framework/web/CController.php(287): ApiController->runAction()
#1 /Users/mac/Sites/yii/framework/web/CController.php(266): ApiController->runActionWithFilters()
#2 /Users/mac/Sites/yii/framework/web/CWebApplication.php(276): ApiController->run()
#3 /Users/mac/Sites/yii/framework/web/CWebApplication.php(135): CWebApplication->runController()
#4 /Users/mac/Sites/yii/framework/base/CApplication.php(162): CWebApplication->processRequest()
#5 /Users/mac/Sites/scan/index.php(13): CWebApplication->run()
REQUEST_URI=/~mac/scan/index.php?r=api/questions
2012/05/12 23:07:54 [error] [php] Undefined variable: question (/Users/mac/Sites/scan/protected/controllers/ApiController.php:52)
Stack trace:
#0 /Users/mac/Sites/yii/framework/web/CController.php(287): ApiController->runAction()
#1 /Users/mac/Sites/yii/framework/web/CController.php(266): ApiController->runActionWithFilters()
#2 /Users/mac/Sites/yii/framework/web/CWebApplication.php(276): ApiController->run()
#3 /Users/mac/Sites/yii/framework/web/CWebApplication.php(135): CWebApplication->runController()
#4 /Users/mac/Sites/yii/framework/base/CApplication.php(162): CWebApplication->processRequest()
#5 /Users/mac/Sites/scan/index.php(13): CWebApplication->run()
REQUEST_URI=/~mac/scan/index.php?r=api/questions
2012/05/12 23:07:55 [error] [php] Undefined variable: question (/Users/mac/Sites/scan/protected/controllers/ApiController.php:52)
Stack trace:
#0 /Users/mac/Sites/yii/framework/web/CController.php(287): ApiController->runAction()
#1 /Users/mac/Sites/yii/framework/web/CController.php(266): ApiController->runActionWithFilters()
#2 /Users/mac/Sites/yii/framework/web/CWebApplication.php(276): ApiController->run()
#3 /Users/mac/Sites/yii/framework/web/CWebApplication.php(135): CWebApplication->runController()
#4 /Users/mac/Sites/yii/framework/base/CApplication.php(162): CWebApplication->processRequest()
#5 /Users/mac/Sites/scan/index.php(13): CWebApplication->run()
REQUEST_URI=/~mac/scan/index.php?r=api/questions
2012/05/12 23:07:55 [error] [php] Undefined variable: question (/Users/mac/Sites/scan/protected/controllers/ApiController.php:52)
Stack trace:
#0 /Users/mac/Sites/yii/framework/web/CController.php(287): ApiController->runAction()
#1 /Users/mac/Sites/yii/framework/web/CController.php(266): ApiController->runActionWithFilters()
#2 /Users/mac/Sites/yii/framework/web/CWebApplication.php(276): ApiController->run()
#3 /Users/mac/Sites/yii/framework/web/CWebApplication.php(135): CWebApplication->runController()
#4 /Users/mac/Sites/yii/framework/base/CApplication.php(162): CWebApplication->processRequest()
#5 /Users/mac/Sites/scan/index.php(13): CWebApplication->run()
REQUEST_URI=/~mac/scan/index.php?r=api/questions
2012/05/12 23:07:56 [error] [php] Undefined variable: question (/Users/mac/Sites/scan/protected/controllers/ApiController.php:52)
Stack trace:
#0 /Users/mac/Sites/yii/framework/web/CController.php(287): ApiController->runAction()
#1 /Users/mac/Sites/yii/framework/web/CController.php(266): ApiController->runActionWithFilters()
#2 /Users/mac/Sites/yii/framework/web/CWebApplication.php(276): ApiController->run()
#3 /Users/mac/Sites/yii/framework/web/CWebApplication.php(135): CWebApplication->runController()
#4 /Users/mac/Sites/yii/framework/base/CApplication.php(162): CWebApplication->processRequest()
#5 /Users/mac/Sites/scan/index.php(13): CWebApplication->run()
REQUEST_URI=/~mac/scan/index.php?r=api/questions
2012/05/12 23:07:56 [error] [php] Undefined variable: question (/Users/mac/Sites/scan/protected/controllers/ApiController.php:52)
Stack trace:
#0 /Users/mac/Sites/yii/framework/web/CController.php(287): ApiController->runAction()
#1 /Users/mac/Sites/yii/framework/web/CController.php(266): ApiController->runActionWithFilters()
#2 /Users/mac/Sites/yii/framework/web/CWebApplication.php(276): ApiController->run()
#3 /Users/mac/Sites/yii/framework/web/CWebApplication.php(135): CWebApplication->runController()
#4 /Users/mac/Sites/yii/framework/base/CApplication.php(162): CWebApplication->processRequest()
#5 /Users/mac/Sites/scan/index.php(13): CWebApplication->run()
REQUEST_URI=/~mac/scan/index.php?r=api/questions
2012/05/12 23:07:57 [error] [php] Undefined variable: question (/Users/mac/Sites/scan/protected/controllers/ApiController.php:52)
Stack trace:
#0 /Users/mac/Sites/yii/framework/web/CController.php(287): ApiController->runAction()
#1 /Users/mac/Sites/yii/framework/web/CController.php(266): ApiController->runActionWithFilters()
#2 /Users/mac/Sites/yii/framework/web/CWebApplication.php(276): ApiController->run()
#3 /Users/mac/Sites/yii/framework/web/CWebApplication.php(135): CWebApplication->runController()
#4 /Users/mac/Sites/yii/framework/base/CApplication.php(162): CWebApplication->processRequest()
#5 /Users/mac/Sites/scan/index.php(13): CWebApplication->run()
REQUEST_URI=/~mac/scan/index.php?r=api/questions
2012/05/12 23:07:57 [error] [php] Undefined variable: question (/Users/mac/Sites/scan/protected/controllers/ApiController.php:52)
Stack trace:
#0 /Users/mac/Sites/yii/framework/web/CController.php(287): ApiController->runAction()
#1 /Users/mac/Sites/yii/framework/web/CController.php(266): ApiController->runActionWithFilters()
#2 /Users/mac/Sites/yii/framework/web/CWebApplication.php(276): ApiController->run()
#3 /Users/mac/Sites/yii/framework/web/CWebApplication.php(135): CWebApplication->runController()
#4 /Users/mac/Sites/yii/framework/base/CApplication.php(162): CWebApplication->processRequest()
#5 /Users/mac/Sites/scan/index.php(13): CWebApplication->run()
REQUEST_URI=/~mac/scan/index.php?r=api/questions
2012/05/12 23:07:58 [error] [php] Undefined variable: question (/Users/mac/Sites/scan/protected/controllers/ApiController.php:52)
Stack trace:
#0 /Users/mac/Sites/yii/framework/web/CController.php(287): ApiController->runAction()
#1 /Users/mac/Sites/yii/framework/web/CController.php(266): ApiController->runActionWithFilters()
#2 /Users/mac/Sites/yii/framework/web/CWebApplication.php(276): ApiController->run()
#3 /Users/mac/Sites/yii/framework/web/CWebApplication.php(135): CWebApplication->runController()
#4 /Users/mac/Sites/yii/framework/base/CApplication.php(162): CWebApplication->processRequest()
#5 /Users/mac/Sites/scan/index.php(13): CWebApplication->run()
REQUEST_URI=/~mac/scan/index.php?r=api/questions
2012/05/12 23:07:58 [error] [php] Undefined variable: question (/Users/mac/Sites/scan/protected/controllers/ApiController.php:52)
Stack trace:
#0 /Users/mac/Sites/yii/framework/web/CController.php(287): ApiController->runAction()
#1 /Users/mac/Sites/yii/framework/web/CController.php(266): ApiController->runActionWithFilters()
#2 /Users/mac/Sites/yii/framework/web/CWebApplication.php(276): ApiController->run()
#3 /Users/mac/Sites/yii/framework/web/CWebApplication.php(135): CWebApplication->runController()
#4 /Users/mac/Sites/yii/framework/base/CApplication.php(162): CWebApplication->processRequest()
#5 /Users/mac/Sites/scan/index.php(13): CWebApplication->run()
REQUEST_URI=/~mac/scan/index.php?r=api/questions
2012/05/12 23:07:59 [error] [php] Undefined variable: question (/Users/mac/Sites/scan/protected/controllers/ApiController.php:52)
Stack trace:
#0 /Users/mac/Sites/yii/framework/web/CController.php(287): ApiController->runAction()
#1 /Users/mac/Sites/yii/framework/web/CController.php(266): ApiController->runActionWithFilters()
#2 /Users/mac/Sites/yii/framework/web/CWebApplication.php(276): ApiController->run()
#3 /Users/mac/Sites/yii/framework/web/CWebApplication.php(135): CWebApplication->runController()
#4 /Users/mac/Sites/yii/framework/base/CApplication.php(162): CWebApplication->processRequest()
#5 /Users/mac/Sites/scan/index.php(13): CWebApplication->run()
REQUEST_URI=/~mac/scan/index.php?r=api/questions
2012/05/12 23:07:59 [error] [php] Undefined variable: question (/Users/mac/Sites/scan/protected/controllers/ApiController.php:52)
Stack trace:
#0 /Users/mac/Sites/yii/framework/web/CController.php(287): ApiController->runAction()
#1 /Users/mac/Sites/yii/framework/web/CController.php(266): ApiController->runActionWithFilters()
#2 /Users/mac/Sites/yii/framework/web/CWebApplication.php(276): ApiController->run()
#3 /Users/mac/Sites/yii/framework/web/CWebApplication.php(135): CWebApplication->runController()
#4 /Users/mac/Sites/yii/framework/base/CApplication.php(162): CWebApplication->processRequest()
#5 /Users/mac/Sites/scan/index.php(13): CWebApplication->run()
REQUEST_URI=/~mac/scan/index.php?r=api/questions
2012/05/12 23:08:00 [error] [php] Undefined variable: question (/Users/mac/Sites/scan/protected/controllers/ApiController.php:52)
Stack trace:
#0 /Users/mac/Sites/yii/framework/web/CController.php(287): ApiController->runAction()
#1 /Users/mac/Sites/yii/framework/web/CController.php(266): ApiController->runActionWithFilters()
#2 /Users/mac/Sites/yii/framework/web/CWebApplication.php(276): ApiController->run()
#3 /Users/mac/Sites/yii/framework/web/CWebApplication.php(135): CWebApplication->runController()
#4 /Users/mac/Sites/yii/framework/base/CApplication.php(162): CWebApplication->processRequest()
#5 /Users/mac/Sites/scan/index.php(13): CWebApplication->run()
REQUEST_URI=/~mac/scan/index.php?r=api/questions
2012/05/12 23:08:32 [error] [php] Undefined variable: question (/Users/mac/Sites/scan/protected/controllers/ApiController.php:52)
Stack trace:
#0 /Users/mac/Sites/yii/framework/web/CController.php(287): ApiController->runAction()
#1 /Users/mac/Sites/yii/framework/web/CController.php(266): ApiController->runActionWithFilters()
#2 /Users/mac/Sites/yii/framework/web/CWebApplication.php(276): ApiController->run()
#3 /Users/mac/Sites/yii/framework/web/CWebApplication.php(135): CWebApplication->runController()
#4 /Users/mac/Sites/yii/framework/base/CApplication.php(162): CWebApplication->processRequest()
#5 /Users/mac/Sites/scan/index.php(13): CWebApplication->run()
REQUEST_URI=/~mac/scan/index.php?r=api/questions
2012/05/12 23:08:40 [error] [php] Undefined variable: results (/Users/mac/Sites/scan/protected/controllers/ApiController.php:53)
Stack trace:
#0 /Users/mac/Sites/yii/framework/web/CController.php(287): ApiController->runAction()
#1 /Users/mac/Sites/yii/framework/web/CController.php(266): ApiController->runActionWithFilters()
#2 /Users/mac/Sites/yii/framework/web/CWebApplication.php(276): ApiController->run()
#3 /Users/mac/Sites/yii/framework/web/CWebApplication.php(135): CWebApplication->runController()
#4 /Users/mac/Sites/yii/framework/base/CApplication.php(162): CWebApplication->processRequest()
#5 /Users/mac/Sites/scan/index.php(13): CWebApplication->run()
REQUEST_URI=/~mac/scan/index.php?r=api/questions
